<?xml version="1.0" encoding="UTF-8" standalone="no"?>
<!DOCTYPE log SYSTEM "logger.dtd">
<log>
<record>
  <date>2020-12-04T12:54:57</date>
  <millis>1607075697234</millis>
  <sequence>0</sequence>
  <logger>global</logger>
  <level>INFO</level>
  <class>Classes.Controller</class>
  <method>&lt;init&gt;</method>
  <thread>1</thread>
  <message>Controller init</message>
</record>
<record>
  <date>2020-12-04T12:54:57</date>
  <millis>1607075697268</millis>
  <sequence>1</sequence>
  <logger>global</logger>
  <level>INFO</level>
  <class>Classes.Forest</class>
  <method>&lt;init&gt;</method>
  <thread>1</thread>
  <message>New forest was created!</message>
</record>
<record>
  <date>2020-12-04T12:54:57</date>
  <millis>1607075697269</millis>
  <sequence>2</sequence>
  <logger>global</logger>
  <level>INFO</level>
  <class>Classes.Model</class>
  <method>&lt;init&gt;</method>
  <thread>1</thread>
  <message>Init model.</message>
</record>
<record>
  <date>2020-12-04T12:54:57</date>
  <millis>1607075697270</millis>
  <sequence>3</sequence>
  <logger>global</logger>
  <level>INFO</level>
  <class>Classes.Managers.LoginManager</class>
  <method>&lt;init&gt;</method>
  <thread>1</thread>
  <message>Login manager was created!</message>
</record>
<record>
  <date>2020-12-04T12:54:57</date>
  <millis>1607075697272</millis>
  <sequence>4</sequence>
  <logger>global</logger>
  <level>WARNING</level>
  <class>Classes.Managers.FileManager</class>
  <method>Load</method>
  <thread>1</thread>
  <message>File .\users not found</message>
</record>
<record>
  <date>2020-12-04T12:55:07</date>
  <millis>1607075707614</millis>
  <sequence>5</sequence>
  <logger>global</logger>
  <level>INFO</level>
  <class>Classes.User</class>
  <method>&lt;init&gt;</method>
  <thread>1</thread>
  <message>New user was created.</message>
</record>
<record>
  <date>2020-12-04T12:55:07</date>
  <millis>1607075707615</millis>
  <sequence>6</sequence>
  <logger>global</logger>
  <level>INFO</level>
  <class>Classes.Managers.LoginManager</class>
  <method>Registration</method>
  <thread>1</thread>
  <message>Registration done:&lt;дщпшт&gt; &lt;дщпшт&gt;</message>
</record>
<record>
  <date>2020-12-04T12:55:07</date>
  <millis>1607075707615</millis>
  <sequence>7</sequence>
  <logger>global</logger>
  <level>INFO</level>
  <class>Classes.Managers.FileManager</class>
  <method>CreateFile</method>
  <thread>1</thread>
  <message>File created: users</message>
</record>
<record>
  <date>2020-12-04T12:55:07</date>
  <millis>1607075707645</millis>
  <sequence>8</sequence>
  <logger>global</logger>
  <level>INFO</level>
  <class>Classes.Managers.FileManager</class>
  <method>Save</method>
  <thread>1</thread>
  <message>The file .\users has been written</message>
</record>
<record>
  <date>2020-12-04T12:55:07</date>
  <millis>1607075707645</millis>
  <sequence>9</sequence>
  <logger>global</logger>
  <level>INFO</level>
  <class>Classes.Managers.Testing</class>
  <method>&lt;init&gt;</method>
  <thread>1</thread>
  <message>Testing created</message>
</record>
<record>
  <date>2020-12-04T12:55:07</date>
  <millis>1607075707646</millis>
  <sequence>10</sequence>
  <logger>global</logger>
  <level>INFO</level>
  <class>Classes.Animals</class>
  <method>&lt;init&gt;</method>
  <thread>1</thread>
  <message>New animal created!</message>
</record>
<record>
  <date>2020-12-04T12:55:07</date>
  <millis>1607075707646</millis>
  <sequence>11</sequence>
  <logger>global</logger>
  <level>INFO</level>
  <class>Classes.Forest</class>
  <method>AddAnimal</method>
  <thread>1</thread>
  <message>New animal was added to forest!</message>
</record>
<record>
  <date>2020-12-04T12:55:07</date>
  <millis>1607075707646</millis>
  <sequence>12</sequence>
  <logger>global</logger>
  <level>INFO</level>
  <class>Classes.Animals</class>
  <method>&lt;init&gt;</method>
  <thread>1</thread>
  <message>New animal created!</message>
</record>
<record>
  <date>2020-12-04T12:55:07</date>
  <millis>1607075707646</millis>
  <sequence>13</sequence>
  <logger>global</logger>
  <level>INFO</level>
  <class>Classes.Managers.Testing</class>
  <method>TestAddPredator</method>
  <thread>1</thread>
  <message>Test AddPredator - true</message>
</record>
<record>
  <date>2020-12-04T12:55:07</date>
  <millis>1607075707647</millis>
  <sequence>14</sequence>
  <logger>global</logger>
  <level>INFO</level>
  <class>Classes.Forest</class>
  <method>AddPlant</method>
  <thread>1</thread>
  <message>New plant was added to the forest.</message>
</record>
<record>
  <date>2020-12-04T12:55:07</date>
  <millis>1607075707647</millis>
  <sequence>15</sequence>
  <logger>global</logger>
  <level>INFO</level>
  <class>Classes.Managers.Testing</class>
  <method>TestAddGrass</method>
  <thread>1</thread>
  <message>Test AddGrass - true</message>
</record>
<record>
  <date>2020-12-04T12:55:07</date>
  <millis>1607075707647</millis>
  <sequence>16</sequence>
  <logger>global</logger>
  <level>INFO</level>
  <class>Classes.Animals</class>
  <method>&lt;init&gt;</method>
  <thread>1</thread>
  <message>New animal created!</message>
</record>
<record>
  <date>2020-12-04T12:55:07</date>
  <millis>1607075707647</millis>
  <sequence>17</sequence>
  <logger>global</logger>
  <level>INFO</level>
  <class>Classes.Forest</class>
  <method>AddAnimal</method>
  <thread>1</thread>
  <message>New animal was added to forest!</message>
</record>
<record>
  <date>2020-12-04T12:55:07</date>
  <millis>1607075707647</millis>
  <sequence>18</sequence>
  <logger>global</logger>
  <level>INFO</level>
  <class>Classes.Animals</class>
  <method>&lt;init&gt;</method>
  <thread>1</thread>
  <message>New animal created!</message>
</record>
<record>
  <date>2020-12-04T12:55:07</date>
  <millis>1607075707647</millis>
  <sequence>19</sequence>
  <logger>global</logger>
  <level>INFO</level>
  <class>Classes.Managers.Testing</class>
  <method>TestAddHerbivore</method>
  <thread>1</thread>
  <message>Test AddHerbivore - true</message>
</record>
<record>
  <date>2020-12-04T12:55:07</date>
  <millis>1607075707647</millis>
  <sequence>20</sequence>
  <logger>global</logger>
  <level>INFO</level>
  <class>Classes.Animals</class>
  <method>&lt;init&gt;</method>
  <thread>1</thread>
  <message>New animal created!</message>
</record>
<record>
  <date>2020-12-04T12:55:07</date>
  <millis>1607075707648</millis>
  <sequence>21</sequence>
  <logger>global</logger>
  <level>INFO</level>
  <class>Classes.Forest</class>
  <method>AddAnimal</method>
  <thread>1</thread>
  <message>New animal was added to forest!</message>
</record>
<record>
  <date>2020-12-04T12:55:07</date>
  <millis>1607075707648</millis>
  <sequence>22</sequence>
  <logger>global</logger>
  <level>INFO</level>
  <class>Classes.Animals</class>
  <method>&lt;init&gt;</method>
  <thread>1</thread>
  <message>New animal created!</message>
</record>
<record>
  <date>2020-12-04T12:55:07</date>
  <millis>1607075707648</millis>
  <sequence>23</sequence>
  <logger>global</logger>
  <level>INFO</level>
  <class>Classes.Forest</class>
  <method>AddAnimal</method>
  <thread>1</thread>
  <message>New animal was added to forest!</message>
</record>
<record>
  <date>2020-12-04T12:55:07</date>
  <millis>1607075707648</millis>
  <sequence>24</sequence>
  <logger>global</logger>
  <level>INFO</level>
  <class>Classes.Animals</class>
  <method>&lt;init&gt;</method>
  <thread>1</thread>
  <message>New animal created!</message>
</record>
<record>
  <date>2020-12-04T12:55:07</date>
  <millis>1607075707648</millis>
  <sequence>25</sequence>
  <logger>global</logger>
  <level>INFO</level>
  <class>Classes.Managers.Testing</class>
  <method>TestToHunt</method>
  <thread>1</thread>
  <message>Test ToHunt - true</message>
</record>
<record>
  <date>2020-12-04T12:55:07</date>
  <millis>1607075707649</millis>
  <sequence>26</sequence>
  <logger>global</logger>
  <level>INFO</level>
  <class>Classes.Animals</class>
  <method>&lt;init&gt;</method>
  <thread>1</thread>
  <message>New animal created!</message>
</record>
<record>
  <date>2020-12-04T12:55:07</date>
  <millis>1607075707649</millis>
  <sequence>27</sequence>
  <logger>global</logger>
  <level>INFO</level>
  <class>Classes.Forest</class>
  <method>AddAnimal</method>
  <thread>1</thread>
  <message>New animal was added to forest!</message>
</record>
<record>
  <date>2020-12-04T12:55:07</date>
  <millis>1607075707649</millis>
  <sequence>28</sequence>
  <logger>global</logger>
  <level>INFO</level>
  <class>Classes.Forest</class>
  <method>AddPlant</method>
  <thread>1</thread>
  <message>New plant was added to the forest.</message>
</record>
<record>
  <date>2020-12-04T12:55:07</date>
  <millis>1607075707649</millis>
  <sequence>29</sequence>
  <logger>global</logger>
  <level>INFO</level>
  <class>Classes.Forest</class>
  <method>AddPlant</method>
  <thread>1</thread>
  <message>New plant was added to the forest.</message>
</record>
<record>
  <date>2020-12-04T12:55:07</date>
  <millis>1607075707649</millis>
  <sequence>30</sequence>
  <logger>global</logger>
  <level>INFO</level>
  <class>Classes.Managers.Testing</class>
  <method>TestToEat</method>
  <thread>1</thread>
  <message>Test Eat Grass - true</message>
</record>
<?xml version="1.0" encoding="UTF-8" standalone="no"?>
<!DOCTYPE log SYSTEM "logger.dtd">
<log>
<record>
  <date>2020-12-04T12:55:35</date>
  <millis>1607075735065</millis>
  <sequence>0</sequence>
  <logger>global</logger>
  <level>INFO</level>
  <class>Classes.Controller</class>
  <method>&lt;init&gt;</method>
  <thread>1</thread>
  <message>Controller init</message>
</record>
<record>
  <date>2020-12-04T12:55:35</date>
  <millis>1607075735105</millis>
  <sequence>1</sequence>
  <logger>global</logger>
  <level>INFO</level>
  <class>Classes.Forest</class>
  <method>&lt;init&gt;</method>
  <thread>1</thread>
  <message>New forest was created!</message>
</record>
<record>
  <date>2020-12-04T12:55:35</date>
  <millis>1607075735106</millis>
  <sequence>2</sequence>
  <logger>global</logger>
  <level>INFO</level>
  <class>Classes.Model</class>
  <method>&lt;init&gt;</method>
  <thread>1</thread>
  <message>Init model.</message>
</record>
<record>
  <date>2020-12-04T12:55:35</date>
  <millis>1607075735106</millis>
  <sequence>3</sequence>
  <logger>global</logger>
  <level>INFO</level>
  <class>Classes.Managers.LoginManager</class>
  <method>&lt;init&gt;</method>
  <thread>1</thread>
  <message>Login manager was created!</message>
</record>
<record>
  <date>2020-12-04T12:55:35</date>
  <millis>1607075735140</millis>
  <sequence>4</sequence>
  <logger>global</logger>
  <level>INFO</level>
  <class>Classes.Managers.FileManager</class>
  <method>Load</method>
  <thread>1</thread>
  <message>Loading .\users has been done!</message>
</record>
<record>
  <date>2020-12-04T12:55:43</date>
  <millis>1607075743338</millis>
  <sequence>5</sequence>
  <logger>global</logger>
  <level>INFO</level>
  <class>Classes.Managers.FileManager</class>
  <method>Load</method>
  <thread>1</thread>
  <message>Loading .\users has been done!</message>
</record>
<record>
  <date>2020-12-04T12:55:43</date>
  <millis>1607075743339</millis>
  <sequence>6</sequence>
  <logger>global</logger>
  <level>INFO</level>
  <class>Classes.Managers.LoginManager</class>
  <method>LogIn</method>
  <thread>1</thread>
  <message>Logined дщпшт</message>
</record>
<record>
  <date>2020-12-04T12:55:43</date>
  <millis>1607075743339</millis>
  <sequence>7</sequence>
  <logger>global</logger>
  <level>INFO</level>
  <class>Classes.Managers.Testing</class>
  <method>&lt;init&gt;</method>
  <thread>1</thread>
  <message>Testing created</message>
</record>
<record>
  <date>2020-12-04T12:55:43</date>
  <millis>1607075743339</millis>
  <sequence>8</sequence>
  <logger>global</logger>
  <level>INFO</level>
  <class>Classes.Animals</class>
  <method>&lt;init&gt;</method>
  <thread>1</thread>
  <message>New animal created!</message>
</record>
<record>
  <date>2020-12-04T12:55:43</date>
  <millis>1607075743339</millis>
  <sequence>9</sequence>
  <logger>global</logger>
  <level>INFO</level>
  <class>Classes.Forest</class>
  <method>AddAnimal</method>
  <thread>1</thread>
  <message>New animal was added to forest!</message>
</record>
<record>
  <date>2020-12-04T12:55:43</date>
  <millis>1607075743340</millis>
  <sequence>10</sequence>
  <logger>global</logger>
  <level>INFO</level>
  <class>Classes.Animals</class>
  <method>&lt;init&gt;</method>
  <thread>1</thread>
  <message>New animal created!</message>
</record>
<record>
  <date>2020-12-04T12:55:43</date>
  <millis>1607075743340</millis>
  <sequence>11</sequence>
  <logger>global</logger>
  <level>INFO</level>
  <class>Classes.Managers.Testing</class>
  <method>TestAddPredator</method>
  <thread>1</thread>
  <message>Test AddPredator - true</message>
</record>
<record>
  <date>2020-12-04T12:55:43</date>
  <millis>1607075743340</millis>
  <sequence>12</sequence>
  <logger>global</logger>
  <level>INFO</level>
  <class>Classes.Forest</class>
  <method>AddPlant</method>
  <thread>1</thread>
  <message>New plant was added to the forest.</message>
</record>
<record>
  <date>2020-12-04T12:55:43</date>
  <millis>1607075743340</millis>
  <sequence>13</sequence>
  <logger>global</logger>
  <level>INFO</level>
  <class>Classes.Managers.Testing</class>
  <method>TestAddGrass</method>
  <thread>1</thread>
  <message>Test AddGrass - true</message>
</record>
<record>
  <date>2020-12-04T12:55:43</date>
  <millis>1607075743341</millis>
  <sequence>14</sequence>
  <logger>global</logger>
  <level>INFO</level>
  <class>Classes.Animals</class>
  <method>&lt;init&gt;</method>
  <thread>1</thread>
  <message>New animal created!</message>
</record>
<record>
  <date>2020-12-04T12:55:43</date>
  <millis>1607075743341</millis>
  <sequence>15</sequence>
  <logger>global</logger>
  <level>INFO</level>
  <class>Classes.Forest</class>
  <method>AddAnimal</method>
  <thread>1</thread>
  <message>New animal was added to forest!</message>
</record>
<record>
  <date>2020-12-04T12:55:43</date>
  <millis>1607075743341</millis>
  <sequence>16</sequence>
  <logger>global</logger>
  <level>INFO</level>
  <class>Classes.Animals</class>
  <method>&lt;init&gt;</method>
  <thread>1</thread>
  <message>New animal created!</message>
</record>
<record>
  <date>2020-12-04T12:55:43</date>
  <millis>1607075743341</millis>
  <sequence>17</sequence>
  <logger>global</logger>
  <level>INFO</level>
  <class>Classes.Managers.Testing</class>
  <method>TestAddHerbivore</method>
  <thread>1</thread>
  <message>Test AddHerbivore - true</message>
</record>
<record>
  <date>2020-12-04T12:55:43</date>
  <millis>1607075743341</millis>
  <sequence>18</sequence>
  <logger>global</logger>
  <level>INFO</level>
  <class>Classes.Animals</class>
  <method>&lt;init&gt;</method>
  <thread>1</thread>
  <message>New animal created!</message>
</record>
<record>
  <date>2020-12-04T12:55:43</date>
  <millis>1607075743341</millis>
  <sequence>19</sequence>
  <logger>global</logger>
  <level>INFO</level>
  <class>Classes.Forest</class>
  <method>AddAnimal</method>
  <thread>1</thread>
  <message>New animal was added to forest!</message>
</record>
<record>
  <date>2020-12-04T12:55:43</date>
  <millis>1607075743341</millis>
  <sequence>20</sequence>
  <logger>global</logger>
  <level>INFO</level>
  <class>Classes.Animals</class>
  <method>&lt;init&gt;</method>
  <thread>1</thread>
  <message>New animal created!</message>
</record>
<record>
  <date>2020-12-04T12:55:43</date>
  <millis>1607075743342</millis>
  <sequence>21</sequence>
  <logger>global</logger>
  <level>INFO</level>
  <class>Classes.Forest</class>
  <method>AddAnimal</method>
  <thread>1</thread>
  <message>New animal was added to forest!</message>
</record>
<record>
  <date>2020-12-04T12:55:43</date>
  <millis>1607075743342</millis>
  <sequence>22</sequence>
  <logger>global</logger>
  <level>INFO</level>
  <class>Classes.Animals</class>
  <method>&lt;init&gt;</method>
  <thread>1</thread>
  <message>New animal created!</message>
</record>
<record>
  <date>2020-12-04T12:55:43</date>
  <millis>1607075743342</millis>
  <sequence>23</sequence>
  <logger>global</logger>
  <level>INFO</level>
  <class>Classes.Managers.Testing</class>
  <method>TestToHunt</method>
  <thread>1</thread>
  <message>Test ToHunt - true</message>
</record>
<record>
  <date>2020-12-04T12:55:43</date>
  <millis>1607075743342</millis>
  <sequence>24</sequence>
  <logger>global</logger>
  <level>INFO</level>
  <class>Classes.Animals</class>
  <method>&lt;init&gt;</method>
  <thread>1</thread>
  <message>New animal created!</message>
</record>
<record>
  <date>2020-12-04T12:55:43</date>
  <millis>1607075743342</millis>
  <sequence>25</sequence>
  <logger>global</logger>
  <level>INFO</level>
  <class>Classes.Forest</class>
  <method>AddAnimal</method>
  <thread>1</thread>
  <message>New animal was added to forest!</message>
</record>
<record>
  <date>2020-12-04T12:55:43</date>
  <millis>1607075743342</millis>
  <sequence>26</sequence>
  <logger>global</logger>
  <level>INFO</level>
  <class>Classes.Forest</class>
  <method>AddPlant</method>
  <thread>1</thread>
  <message>New plant was added to the forest.</message>
</record>
<record>
  <date>2020-12-04T12:55:43</date>
  <millis>1607075743343</millis>
  <sequence>27</sequence>
  <logger>global</logger>
  <level>INFO</level>
  <class>Classes.Forest</class>
  <method>AddPlant</method>
  <thread>1</thread>
  <message>New plant was added to the forest.</message>
</record>
<record>
  <date>2020-12-04T12:55:43</date>
  <millis>1607075743343</millis>
  <sequence>28</sequence>
  <logger>global</logger>
  <level>INFO</level>
  <class>Classes.Managers.Testing</class>
  <method>TestToEat</method>
  <thread>1</thread>
  <message>Test Eat Grass - true</message>
</record>
<record>
  <date>2020-12-04T12:56:01</date>
  <millis>1607075761356</millis>
  <sequence>29</sequence>
  <logger>global</logger>
  <level>INFO</level>
  <class>Classes.Animals</class>
  <method>&lt;init&gt;</method>
  <thread>1</thread>
  <message>New animal created!</message>
</record>
<record>
  <date>2020-12-04T12:56:01</date>
  <millis>1607075761356</millis>
  <sequence>30</sequence>
  <logger>global</logger>
  <level>INFO</level>
  <class>Classes.Forest</class>
  <method>AddPredator</method>
  <thread>1</thread>
  <message>New predator was added to forest!</message>
</record>
<record>
  <date>2020-12-04T12:56:33</date>
  <millis>1607075793914</millis>
  <sequence>31</sequence>
  <logger>global</logger>
  <level>INFO</level>
  <class>Classes.Forest</class>
  <method>AddTree</method>
  <thread>1</thread>
  <message>New tree was added to forest!</message>
</record>
<record>
  <date>2020-12-04T12:56:47</date>
  <millis>1607075807301</millis>
  <sequence>32</sequence>
  <logger>global</logger>
  <level>INFO</level>
  <class>Classes.Managers.FileManager</class>
  <method>&lt;init&gt;</method>
  <thread>1</thread>
  <message>FileManager was created</message>
</record>
<record>
  <date>2020-12-04T12:56:47</date>
  <millis>1607075807302</millis>
  <sequence>33</sequence>
  <logger>global</logger>
  <level>INFO</level>
  <class>Classes.Managers.FileManager</class>
  <method>CreateFile</method>
  <thread>1</thread>
  <message>File created: plants</message>
</record>
<record>
  <date>2020-12-04T12:56:47</date>
  <millis>1607075807313</millis>
  <sequence>34</sequence>
  <logger>global</logger>
  <level>INFO</level>
  <class>Classes.Managers.FileManager</class>
  <method>Save</method>
  <thread>1</thread>
  <message>The file .\plants has been written</message>
</record>
<record>
  <date>2020-12-04T12:56:47</date>
  <millis>1607075807404</millis>
  <sequence>35</sequence>
  <logger>global</logger>
  <level>INFO</level>
  <class>Classes.Managers.FileManager</class>
  <method>CreateFile</method>
  <thread>1</thread>
  <message>File created: animals</message>
</record>
<record>
  <date>2020-12-04T12:56:47</date>
  <millis>1607075807407</millis>
  <sequence>36</sequence>
  <logger>global</logger>
  <level>INFO</level>
  <class>Classes.Managers.FileManager</class>
  <method>Save</method>
  <thread>1</thread>
  <message>The file .\animals has been written</message>
</record>
<record>
  <date>2020-12-04T12:56:47</date>
  <millis>1607075807407</millis>
  <sequence>37</sequence>
  <logger>global</logger>
  <level>INFO</level>
  <class>Classes.Forest</class>
  <method>SaveForest</method>
  <thread>1</thread>
  <message>Forest was saved.</message>
</record>
<record>
  <date>2020-12-04T12:56:56</date>
  <millis>1607075816700</millis>
  <sequence>38</sequence>
  <logger>global</logger>
  <level>INFO</level>
  <class>Classes.Managers.FileManager</class>
  <method>&lt;init&gt;</method>
  <thread>1</thread>
  <message>FileManager was created</message>
</record>
<record>
  <date>2020-12-04T12:56:56</date>
  <millis>1607075816702</millis>
  <sequence>39</sequence>
  <logger>global</logger>
  <level>INFO</level>
  <class>Classes.Managers.FileManager</class>
  <method>Load</method>
  <thread>1</thread>
  <message>Loading .\animals has been done!</message>
</record>
<record>
  <date>2020-12-04T12:56:56</date>
  <millis>1607075816702</millis>
  <sequence>40</sequence>
  <logger>global</logger>
  <level>INFO</level>
  <class>Classes.Forest</class>
  <method>SetAnimals</method>
  <thread>1</thread>
  <message>Animals vector was update.</message>
</record>
<record>
  <date>2020-12-04T12:56:56</date>
  <millis>1607075816703</millis>
  <sequence>41</sequence>
  <logger>global</logger>
  <level>INFO</level>
  <class>Classes.Managers.FileManager</class>
  <method>Load</method>
  <thread>1</thread>
  <message>Loading .\plants has been done!</message>
</record>
<record>
  <date>2020-12-04T12:56:56</date>
  <millis>1607075816703</millis>
  <sequence>42</sequence>
  <logger>global</logger>
  <level>INFO</level>
  <class>Classes.Forest</class>
  <method>SetPlants</method>
  <thread>1</thread>
  <message>Plants vector was update.</message>
</record>
<record>
  <date>2020-12-04T12:56:56</date>
  <millis>1607075816703</millis>
  <sequence>43</sequence>
  <logger>global</logger>
  <level>INFO</level>
  <class>Classes.Forest</class>
  <method>LoadForest</method>
  <thread>1</thread>
  <message>Forest was loaded.</message>
</record>
<record>
  <date>2020-12-04T12:57:07</date>
  <millis>1607075827548</millis>
  <sequence>44</sequence>
  <logger>global</logger>
  <level>INFO</level>
  <class>Classes.Managers.FileManager</class>
  <method>&lt;init&gt;</method>
  <thread>1</thread>
  <message>FileManager was created</message>
</record>
<record>
  <date>2020-12-04T12:57:07</date>
  <millis>1607075827548</millis>
  <sequence>45</sequence>
  <logger>global</logger>
  <level>INFO</level>
  <class>Classes.Managers.FileManager</class>
  <method>CreateFile</method>
  <thread>1</thread>
  <message>File.\plantsalready exists</message>
</record>
<record>
  <date>2020-12-04T12:57:07</date>
  <millis>1607075827549</millis>
  <sequence>46</sequence>
  <logger>global</logger>
  <level>INFO</level>
  <class>Classes.Managers.FileManager</class>
  <method>Save</method>
  <thread>1</thread>
  <message>The file .\plants has been written</message>
</record>
<record>
  <date>2020-12-04T12:57:07</date>
  <millis>1607075827549</millis>
  <sequence>47</sequence>
  <logger>global</logger>
  <level>INFO</level>
  <class>Classes.Managers.FileManager</class>
  <method>CreateFile</method>
  <thread>1</thread>
  <message>File.\animalsalready exists</message>
</record>
<record>
  <date>2020-12-04T12:57:07</date>
  <millis>1607075827550</millis>
  <sequence>48</sequence>
  <logger>global</logger>
  <level>INFO</level>
  <class>Classes.Managers.FileManager</class>
  <method>Save</method>
  <thread>1</thread>
  <message>The file .\animals has been written</message>
</record>
<record>
  <date>2020-12-04T12:57:07</date>
  <millis>1607075827550</millis>
  <sequence>49</sequence>
  <logger>global</logger>
  <level>INFO</level>
  <class>Classes.Forest</class>
  <method>SaveForest</method>
  <thread>1</thread>
  <message>Forest was saved.</message>
</record>
<record>
  <date>2020-12-04T12:57:07</date>
  <millis>1607075827550</millis>
  <sequence>50</sequence>
  <logger>global</logger>
  <level>INFO</level>
  <class>Classes.Controller</class>
  <method>StartWork</method>
  <thread>1</thread>
  <message>Exit</message>
</record>
</log>
<?xml version="1.0" encoding="UTF-8" standalone="no"?>
<!DOCTYPE log SYSTEM "logger.dtd">
<log>
<record>
  <date>2020-12-04T12:58:05</date>
  <millis>1607075885939</millis>
  <sequence>0</sequence>
  <logger>global</logger>
  <level>INFO</level>
  <class>Classes.Controller</class>
  <method>&lt;init&gt;</method>
  <thread>1</thread>
  <message>Controller init</message>
</record>
<record>
  <date>2020-12-04T12:58:05</date>
  <millis>1607075885972</millis>
  <sequence>1</sequence>
  <logger>global</logger>
  <level>INFO</level>
  <class>Classes.Forest</class>
  <method>&lt;init&gt;</method>
  <thread>1</thread>
  <message>New forest was created!</message>
</record>
<record>
  <date>2020-12-04T12:58:05</date>
  <millis>1607075885973</millis>
  <sequence>2</sequence>
  <logger>global</logger>
  <level>INFO</level>
  <class>Classes.Model</class>
  <method>&lt;init&gt;</method>
  <thread>1</thread>
  <message>Init model.</message>
</record>
<record>
  <date>2020-12-04T12:58:05</date>
  <millis>1607075885974</millis>
  <sequence>3</sequence>
  <logger>global</logger>
  <level>INFO</level>
  <class>Classes.Managers.LoginManager</class>
  <method>&lt;init&gt;</method>
  <thread>1</thread>
  <message>Login manager was created!</message>
</record>
<record>
  <date>2020-12-04T12:58:06</date>
  <millis>1607075886007</millis>
  <sequence>4</sequence>
  <logger>global</logger>
  <level>INFO</level>
  <class>Classes.Managers.FileManager</class>
  <method>Load</method>
  <thread>1</thread>
  <message>Loading .\users has been done!</message>
</record>
<record>
  <date>2020-12-04T12:58:14</date>
  <millis>1607075894509</millis>
  <sequence>5</sequence>
  <logger>global</logger>
  <level>INFO</level>
  <class>Classes.Managers.FileManager</class>
  <method>Load</method>
  <thread>1</thread>
  <message>Loading .\users has been done!</message>
</record>
<record>
  <date>2020-12-04T12:58:14</date>
  <millis>1607075894510</millis>
  <sequence>6</sequence>
  <logger>global</logger>
  <level>INFO</level>
  <class>Classes.Managers.LoginManager</class>
  <method>LogIn</method>
  <thread>1</thread>
  <message>Logined дщпшт</message>
</record>
<record>
  <date>2020-12-04T12:58:14</date>
  <millis>1607075894510</millis>
  <sequence>7</sequence>
  <logger>global</logger>
  <level>INFO</level>
  <class>Classes.Managers.Testing</class>
  <method>&lt;init&gt;</method>
  <thread>1</thread>
  <message>Testing created</message>
</record>
<record>
  <date>2020-12-04T12:58:14</date>
  <millis>1607075894511</millis>
  <sequence>8</sequence>
  <logger>global</logger>
  <level>INFO</level>
  <class>Classes.Animals</class>
  <method>&lt;init&gt;</method>
  <thread>1</thread>
  <message>New animal created!</message>
</record>
<record>
  <date>2020-12-04T12:58:14</date>
  <millis>1607075894511</millis>
  <sequence>9</sequence>
  <logger>global</logger>
  <level>INFO</level>
  <class>Classes.Forest</class>
  <method>AddAnimal</method>
  <thread>1</thread>
  <message>New animal was added to forest!</message>
</record>
<record>
  <date>2020-12-04T12:58:14</date>
  <millis>1607075894511</millis>
  <sequence>10</sequence>
  <logger>global</logger>
  <level>INFO</level>
  <class>Classes.Animals</class>
  <method>&lt;init&gt;</method>
  <thread>1</thread>
  <message>New animal created!</message>
</record>
<record>
  <date>2020-12-04T12:58:14</date>
  <millis>1607075894511</millis>
  <sequence>11</sequence>
  <logger>global</logger>
  <level>INFO</level>
  <class>Classes.Managers.Testing</class>
  <method>TestAddPredator</method>
  <thread>1</thread>
  <message>Test AddPredator - true</message>
</record>
<record>
  <date>2020-12-04T12:58:14</date>
  <millis>1607075894511</millis>
  <sequence>12</sequence>
  <logger>global</logger>
  <level>INFO</level>
  <class>Classes.Forest</class>
  <method>AddPlant</method>
  <thread>1</thread>
  <message>New plant was added to the forest.</message>
</record>
<record>
  <date>2020-12-04T12:58:14</date>
  <millis>1607075894512</millis>
  <sequence>13</sequence>
  <logger>global</logger>
  <level>INFO</level>
  <class>Classes.Managers.Testing</class>
  <method>TestAddGrass</method>
  <thread>1</thread>
  <message>Test AddGrass - true</message>
</record>
<record>
  <date>2020-12-04T12:58:14</date>
  <millis>1607075894512</millis>
  <sequence>14</sequence>
  <logger>global</logger>
  <level>INFO</level>
  <class>Classes.Animals</class>
  <method>&lt;init&gt;</method>
  <thread>1</thread>
  <message>New animal created!</message>
</record>
<record>
  <date>2020-12-04T12:58:14</date>
  <millis>1607075894512</millis>
  <sequence>15</sequence>
  <logger>global</logger>
  <level>INFO</level>
  <class>Classes.Forest</class>
  <method>AddAnimal</method>
  <thread>1</thread>
  <message>New animal was added to forest!</message>
</record>
<record>
  <date>2020-12-04T12:58:14</date>
  <millis>1607075894512</millis>
  <sequence>16</sequence>
  <logger>global</logger>
  <level>INFO</level>
  <class>Classes.Animals</class>
  <method>&lt;init&gt;</method>
  <thread>1</thread>
  <message>New animal created!</message>
</record>
<record>
  <date>2020-12-04T12:58:14</date>
  <millis>1607075894512</millis>
  <sequence>17</sequence>
  <logger>global</logger>
  <level>INFO</level>
  <class>Classes.Managers.Testing</class>
  <method>TestAddHerbivore</method>
  <thread>1</thread>
  <message>Test AddHerbivore - true</message>
</record>
<record>
  <date>2020-12-04T12:58:14</date>
  <millis>1607075894512</millis>
  <sequence>18</sequence>
  <logger>global</logger>
  <level>INFO</level>
  <class>Classes.Animals</class>
  <method>&lt;init&gt;</method>
  <thread>1</thread>
  <message>New animal created!</message>
</record>
<record>
  <date>2020-12-04T12:58:14</date>
  <millis>1607075894513</millis>
  <sequence>19</sequence>
  <logger>global</logger>
  <level>INFO</level>
  <class>Classes.Forest</class>
  <method>AddAnimal</method>
  <thread>1</thread>
  <message>New animal was added to forest!</message>
</record>
<record>
  <date>2020-12-04T12:58:14</date>
  <millis>1607075894513</millis>
  <sequence>20</sequence>
  <logger>global</logger>
  <level>INFO</level>
  <class>Classes.Animals</class>
  <method>&lt;init&gt;</method>
  <thread>1</thread>
  <message>New animal created!</message>
</record>
<record>
  <date>2020-12-04T12:58:14</date>
  <millis>1607075894513</millis>
  <sequence>21</sequence>
  <logger>global</logger>
  <level>INFO</level>
  <class>Classes.Forest</class>
  <method>AddAnimal</method>
  <thread>1</thread>
  <message>New animal was added to forest!</message>
</record>
<record>
  <date>2020-12-04T12:58:14</date>
  <millis>1607075894513</millis>
  <sequence>22</sequence>
  <logger>global</logger>
  <level>INFO</level>
  <class>Classes.Animals</class>
  <method>&lt;init&gt;</method>
  <thread>1</thread>
  <message>New animal created!</message>
</record>
<record>
  <date>2020-12-04T12:58:14</date>
  <millis>1607075894513</millis>
  <sequence>23</sequence>
  <logger>global</logger>
  <level>INFO</level>
  <class>Classes.Managers.Testing</class>
  <method>TestToHunt</method>
  <thread>1</thread>
  <message>Test ToHunt - true</message>
</record>
<record>
  <date>2020-12-04T12:58:14</date>
  <millis>1607075894513</millis>
  <sequence>24</sequence>
  <logger>global</logger>
  <level>INFO</level>
  <class>Classes.Animals</class>
  <method>&lt;init&gt;</method>
  <thread>1</thread>
  <message>New animal created!</message>
</record>
<record>
  <date>2020-12-04T12:58:14</date>
  <millis>1607075894513</millis>
  <sequence>25</sequence>
  <logger>global</logger>
  <level>INFO</level>
  <class>Classes.Forest</class>
  <method>AddAnimal</method>
  <thread>1</thread>
  <message>New animal was added to forest!</message>
</record>
<record>
  <date>2020-12-04T12:58:14</date>
  <millis>1607075894514</millis>
  <sequence>26</sequence>
  <logger>global</logger>
  <level>INFO</level>
  <class>Classes.Forest</class>
  <method>AddPlant</method>
  <thread>1</thread>
  <message>New plant was added to the forest.</message>
</record>
<record>
  <date>2020-12-04T12:58:14</date>
  <millis>1607075894514</millis>
  <sequence>27</sequence>
  <logger>global</logger>
  <level>INFO</level>
  <class>Classes.Forest</class>
  <method>AddPlant</method>
  <thread>1</thread>
  <message>New plant was added to the forest.</message>
</record>
<record>
  <date>2020-12-04T12:58:14</date>
  <millis>1607075894514</millis>
  <sequence>28</sequence>
  <logger>global</logger>
  <level>INFO</level>
  <class>Classes.Managers.Testing</class>
  <method>TestToEat</method>
  <thread>1</thread>
  <message>Test Eat Grass - true</message>
</record>
<?xml version="1.0" encoding="UTF-8" standalone="no"?>
<!DOCTYPE log SYSTEM "logger.dtd">
<log>
<record>
  <date>2020-12-04T13:01:58</date>
  <millis>1607076118283</millis>
  <sequence>0</sequence>
  <logger>global</logger>
  <level>INFO</level>
  <class>Classes.Controller</class>
  <method>&lt;init&gt;</method>
  <thread>1</thread>
  <message>Controller init</message>
</record>
<record>
  <date>2020-12-04T13:01:58</date>
  <millis>1607076118317</millis>
  <sequence>1</sequence>
  <logger>global</logger>
  <level>INFO</level>
  <class>Classes.Forest</class>
  <method>&lt;init&gt;</method>
  <thread>1</thread>
  <message>New forest was created!</message>
</record>
<record>
  <date>2020-12-04T13:01:58</date>
  <millis>1607076118318</millis>
  <sequence>2</sequence>
  <logger>global</logger>
  <level>INFO</level>
  <class>Classes.Model</class>
  <method>&lt;init&gt;</method>
  <thread>1</thread>
  <message>Init model.</message>
</record>
<record>
  <date>2020-12-04T13:01:58</date>
  <millis>1607076118319</millis>
  <sequence>3</sequence>
  <logger>global</logger>
  <level>INFO</level>
  <class>Classes.Managers.LoginManager</class>
  <method>&lt;init&gt;</method>
  <thread>1</thread>
  <message>Login manager was created!</message>
</record>
<record>
  <date>2020-12-04T13:01:58</date>
  <millis>1607076118355</millis>
  <sequence>4</sequence>
  <logger>global</logger>
  <level>INFO</level>
  <class>Classes.Managers.FileManager</class>
  <method>Load</method>
  <thread>1</thread>
  <message>Loading .\users has been done!</message>
</record>
<record>
  <date>2020-12-04T13:02:10</date>
  <millis>1607076130980</millis>
  <sequence>5</sequence>
  <logger>global</logger>
  <level>INFO</level>
  <class>Classes.Managers.FileManager</class>
  <method>Load</method>
  <thread>1</thread>
  <message>Loading .\users has been done!</message>
</record>
<record>
  <date>2020-12-04T13:02:10</date>
  <millis>1607076130980</millis>
  <sequence>6</sequence>
  <logger>global</logger>
  <level>INFO</level>
  <class>Classes.Managers.LoginManager</class>
  <method>LogIn</method>
  <thread>1</thread>
  <message>Logined дщпшт</message>
</record>
<record>
  <date>2020-12-04T13:02:10</date>
  <millis>1607076130981</millis>
  <sequence>7</sequence>
  <logger>global</logger>
  <level>INFO</level>
  <class>Classes.Managers.Testing</class>
  <method>&lt;init&gt;</method>
  <thread>1</thread>
  <message>Testing created</message>
</record>
<record>
  <date>2020-12-04T13:02:10</date>
  <millis>1607076130981</millis>
  <sequence>8</sequence>
  <logger>global</logger>
  <level>INFO</level>
  <class>Classes.Animals</class>
  <method>&lt;init&gt;</method>
  <thread>1</thread>
  <message>New animal created!</message>
</record>
<record>
  <date>2020-12-04T13:02:10</date>
  <millis>1607076130981</millis>
  <sequence>9</sequence>
  <logger>global</logger>
  <level>INFO</level>
  <class>Classes.Forest</class>
  <method>AddAnimal</method>
  <thread>1</thread>
  <message>New animal was added to forest!</message>
</record>
<record>
  <date>2020-12-04T13:02:10</date>
  <millis>1607076130981</millis>
  <sequence>10</sequence>
  <logger>global</logger>
  <level>INFO</level>
  <class>Classes.Animals</class>
  <method>&lt;init&gt;</method>
  <thread>1</thread>
  <message>New animal created!</message>
</record>
<record>
  <date>2020-12-04T13:02:10</date>
  <millis>1607076130982</millis>
  <sequence>11</sequence>
  <logger>global</logger>
  <level>INFO</level>
  <class>Classes.Managers.Testing</class>
  <method>TestAddPredator</method>
  <thread>1</thread>
  <message>Test AddPredator - true</message>
</record>
<record>
  <date>2020-12-04T13:02:10</date>
  <millis>1607076130982</millis>
  <sequence>12</sequence>
  <logger>global</logger>
  <level>INFO</level>
  <class>Classes.Forest</class>
  <method>AddPlant</method>
  <thread>1</thread>
  <message>New plant was added to the forest.</message>
</record>
<record>
  <date>2020-12-04T13:02:10</date>
  <millis>1607076130982</millis>
  <sequence>13</sequence>
  <logger>global</logger>
  <level>INFO</level>
  <class>Classes.Managers.Testing</class>
  <method>TestAddGrass</method>
  <thread>1</thread>
  <message>Test AddGrass - true</message>
</record>
<record>
  <date>2020-12-04T13:02:10</date>
  <millis>1607076130982</millis>
  <sequence>14</sequence>
  <logger>global</logger>
  <level>INFO</level>
  <class>Classes.Animals</class>
  <method>&lt;init&gt;</method>
  <thread>1</thread>
  <message>New animal created!</message>
</record>
<record>
  <date>2020-12-04T13:02:10</date>
  <millis>1607076130982</millis>
  <sequence>15</sequence>
  <logger>global</logger>
  <level>INFO</level>
  <class>Classes.Forest</class>
  <method>AddAnimal</method>
  <thread>1</thread>
  <message>New animal was added to forest!</message>
</record>
<record>
  <date>2020-12-04T13:02:10</date>
  <millis>1607076130983</millis>
  <sequence>16</sequence>
  <logger>global</logger>
  <level>INFO</level>
  <class>Classes.Animals</class>
  <method>&lt;init&gt;</method>
  <thread>1</thread>
  <message>New animal created!</message>
</record>
<record>
  <date>2020-12-04T13:02:10</date>
  <millis>1607076130983</millis>
  <sequence>17</sequence>
  <logger>global</logger>
  <level>INFO</level>
  <class>Classes.Managers.Testing</class>
  <method>TestAddHerbivore</method>
  <thread>1</thread>
  <message>Test AddHerbivore - true</message>
</record>
<record>
  <date>2020-12-04T13:02:10</date>
  <millis>1607076130983</millis>
  <sequence>18</sequence>
  <logger>global</logger>
  <level>INFO</level>
  <class>Classes.Animals</class>
  <method>&lt;init&gt;</method>
  <thread>1</thread>
  <message>New animal created!</message>
</record>
<record>
  <date>2020-12-04T13:02:10</date>
  <millis>1607076130983</millis>
  <sequence>19</sequence>
  <logger>global</logger>
  <level>INFO</level>
  <class>Classes.Forest</class>
  <method>AddAnimal</method>
  <thread>1</thread>
  <message>New animal was added to forest!</message>
</record>
<record>
  <date>2020-12-04T13:02:10</date>
  <millis>1607076130983</millis>
  <sequence>20</sequence>
  <logger>global</logger>
  <level>INFO</level>
  <class>Classes.Animals</class>
  <method>&lt;init&gt;</method>
  <thread>1</thread>
  <message>New animal created!</message>
</record>
<record>
  <date>2020-12-04T13:02:10</date>
  <millis>1607076130983</millis>
  <sequence>21</sequence>
  <logger>global</logger>
  <level>INFO</level>
  <class>Classes.Forest</class>
  <method>AddAnimal</method>
  <thread>1</thread>
  <message>New animal was added to forest!</message>
</record>
<record>
  <date>2020-12-04T13:02:10</date>
  <millis>1607076130983</millis>
  <sequence>22</sequence>
  <logger>global</logger>
  <level>INFO</level>
  <class>Classes.Animals</class>
  <method>&lt;init&gt;</method>
  <thread>1</thread>
  <message>New animal created!</message>
</record>
<record>
  <date>2020-12-04T13:02:10</date>
  <millis>1607076130984</millis>
  <sequence>23</sequence>
  <logger>global</logger>
  <level>INFO</level>
  <class>Classes.Managers.Testing</class>
  <method>TestToHunt</method>
  <thread>1</thread>
  <message>Test ToHunt - true</message>
</record>
<record>
  <date>2020-12-04T13:02:10</date>
  <millis>1607076130984</millis>
  <sequence>24</sequence>
  <logger>global</logger>
  <level>INFO</level>
  <class>Classes.Animals</class>
  <method>&lt;init&gt;</method>
  <thread>1</thread>
  <message>New animal created!</message>
</record>
<record>
  <date>2020-12-04T13:02:10</date>
  <millis>1607076130984</millis>
  <sequence>25</sequence>
  <logger>global</logger>
  <level>INFO</level>
  <class>Classes.Forest</class>
  <method>AddAnimal</method>
  <thread>1</thread>
  <message>New animal was added to forest!</message>
</record>
<record>
  <date>2020-12-04T13:02:10</date>
  <millis>1607076130984</millis>
  <sequence>26</sequence>
  <logger>global</logger>
  <level>INFO</level>
  <class>Classes.Forest</class>
  <method>AddPlant</method>
  <thread>1</thread>
  <message>New plant was added to the forest.</message>
</record>
<record>
  <date>2020-12-04T13:02:10</date>
  <millis>1607076130984</millis>
  <sequence>27</sequence>
  <logger>global</logger>
  <level>INFO</level>
  <class>Classes.Forest</class>
  <method>AddPlant</method>
  <thread>1</thread>
  <message>New plant was added to the forest.</message>
</record>
<record>
  <date>2020-12-04T13:02:10</date>
  <millis>1607076130984</millis>
  <sequence>28</sequence>
  <logger>global</logger>
  <level>INFO</level>
  <class>Classes.Managers.Testing</class>
  <method>TestToEat</method>
  <thread>1</thread>
  <message>Test Eat Grass - true</message>
</record>
<?xml version="1.0" encoding="UTF-8" standalone="no"?>
<!DOCTYPE log SYSTEM "logger.dtd">
<log>
<record>
  <date>2020-12-04T13:03:10</date>
  <millis>1607076190538</millis>
  <sequence>0</sequence>
  <logger>global</logger>
  <level>INFO</level>
  <class>Classes.Controller</class>
  <method>&lt;init&gt;</method>
  <thread>1</thread>
  <message>Controller init</message>
</record>
<record>
  <date>2020-12-04T13:03:10</date>
  <millis>1607076190573</millis>
  <sequence>1</sequence>
  <logger>global</logger>
  <level>INFO</level>
  <class>Classes.Forest</class>
  <method>&lt;init&gt;</method>
  <thread>1</thread>
  <message>New forest was created!</message>
</record>
<record>
  <date>2020-12-04T13:03:10</date>
  <millis>1607076190574</millis>
  <sequence>2</sequence>
  <logger>global</logger>
  <level>INFO</level>
  <class>Classes.Model</class>
  <method>&lt;init&gt;</method>
  <thread>1</thread>
  <message>Init model.</message>
</record>
<record>
  <date>2020-12-04T13:03:10</date>
  <millis>1607076190575</millis>
  <sequence>3</sequence>
  <logger>global</logger>
  <level>INFO</level>
  <class>Classes.Managers.LoginManager</class>
  <method>&lt;init&gt;</method>
  <thread>1</thread>
  <message>Login manager was created!</message>
</record>
<record>
  <date>2020-12-04T13:03:10</date>
  <millis>1607076190611</millis>
  <sequence>4</sequence>
  <logger>global</logger>
  <level>INFO</level>
  <class>Classes.Managers.FileManager</class>
  <method>Load</method>
  <thread>1</thread>
  <message>Loading .\users has been done!</message>
</record>
<record>
  <date>2020-12-04T13:03:25</date>
  <millis>1607076205308</millis>
  <sequence>5</sequence>
  <logger>global</logger>
  <level>INFO</level>
  <class>Classes.Managers.FileManager</class>
  <method>Load</method>
  <thread>1</thread>
  <message>Loading .\users has been done!</message>
</record>
<record>
  <date>2020-12-04T13:03:25</date>
  <millis>1607076205309</millis>
  <sequence>6</sequence>
  <logger>global</logger>
  <level>INFO</level>
  <class>Classes.Managers.LoginManager</class>
  <method>LogIn</method>
  <thread>1</thread>
  <message>Logined дщпшт</message>
</record>
<record>
  <date>2020-12-04T13:03:25</date>
  <millis>1607076205309</millis>
  <sequence>7</sequence>
  <logger>global</logger>
  <level>INFO</level>
  <class>Classes.Managers.Testing</class>
  <method>&lt;init&gt;</method>
  <thread>1</thread>
  <message>Testing created</message>
</record>
<record>
  <date>2020-12-04T13:03:25</date>
  <millis>1607076205309</millis>
  <sequence>8</sequence>
  <logger>global</logger>
  <level>INFO</level>
  <class>Classes.Animals</class>
  <method>&lt;init&gt;</method>
  <thread>1</thread>
  <message>New animal created!</message>
</record>
<record>
  <date>2020-12-04T13:03:25</date>
  <millis>1607076205310</millis>
  <sequence>9</sequence>
  <logger>global</logger>
  <level>INFO</level>
  <class>Classes.Forest</class>
  <method>AddAnimal</method>
  <thread>1</thread>
  <message>New animal was added to forest!</message>
</record>
<record>
  <date>2020-12-04T13:03:25</date>
  <millis>1607076205310</millis>
  <sequence>10</sequence>
  <logger>global</logger>
  <level>INFO</level>
  <class>Classes.Animals</class>
  <method>&lt;init&gt;</method>
  <thread>1</thread>
  <message>New animal created!</message>
</record>
<record>
  <date>2020-12-04T13:03:25</date>
  <millis>1607076205310</millis>
  <sequence>11</sequence>
  <logger>global</logger>
  <level>INFO</level>
  <class>Classes.Managers.Testing</class>
  <method>TestAddPredator</method>
  <thread>1</thread>
  <message>Test AddPredator - true</message>
</record>
<record>
  <date>2020-12-04T13:03:25</date>
  <millis>1607076205310</millis>
  <sequence>12</sequence>
  <logger>global</logger>
  <level>INFO</level>
  <class>Classes.Forest</class>
  <method>AddPlant</method>
  <thread>1</thread>
  <message>New plant was added to the forest.</message>
</record>
<record>
  <date>2020-12-04T13:03:25</date>
  <millis>1607076205311</millis>
  <sequence>13</sequence>
  <logger>global</logger>
  <level>INFO</level>
  <class>Classes.Managers.Testing</class>
  <method>TestAddGrass</method>
  <thread>1</thread>
  <message>Test AddGrass - true</message>
</record>
<record>
  <date>2020-12-04T13:03:25</date>
  <millis>1607076205311</millis>
  <sequence>14</sequence>
  <logger>global</logger>
  <level>INFO</level>
  <class>Classes.Animals</class>
  <method>&lt;init&gt;</method>
  <thread>1</thread>
  <message>New animal created!</message>
</record>
<record>
  <date>2020-12-04T13:03:25</date>
  <millis>1607076205311</millis>
  <sequence>15</sequence>
  <logger>global</logger>
  <level>INFO</level>
  <class>Classes.Forest</class>
  <method>AddAnimal</method>
  <thread>1</thread>
  <message>New animal was added to forest!</message>
</record>
<record>
  <date>2020-12-04T13:03:25</date>
  <millis>1607076205311</millis>
  <sequence>16</sequence>
  <logger>global</logger>
  <level>INFO</level>
  <class>Classes.Animals</class>
  <method>&lt;init&gt;</method>
  <thread>1</thread>
  <message>New animal created!</message>
</record>
<record>
  <date>2020-12-04T13:03:25</date>
  <millis>1607076205311</millis>
  <sequence>17</sequence>
  <logger>global</logger>
  <level>INFO</level>
  <class>Classes.Managers.Testing</class>
  <method>TestAddHerbivore</method>
  <thread>1</thread>
  <message>Test AddHerbivore - true</message>
</record>
<record>
  <date>2020-12-04T13:03:25</date>
  <millis>1607076205311</millis>
  <sequence>18</sequence>
  <logger>global</logger>
  <level>INFO</level>
  <class>Classes.Animals</class>
  <method>&lt;init&gt;</method>
  <thread>1</thread>
  <message>New animal created!</message>
</record>
<record>
  <date>2020-12-04T13:03:25</date>
  <millis>1607076205311</millis>
  <sequence>19</sequence>
  <logger>global</logger>
  <level>INFO</level>
  <class>Classes.Forest</class>
  <method>AddAnimal</method>
  <thread>1</thread>
  <message>New animal was added to forest!</message>
</record>
<record>
  <date>2020-12-04T13:03:25</date>
  <millis>1607076205312</millis>
  <sequence>20</sequence>
  <logger>global</logger>
  <level>INFO</level>
  <class>Classes.Animals</class>
  <method>&lt;init&gt;</method>
  <thread>1</thread>
  <message>New animal created!</message>
</record>
<record>
  <date>2020-12-04T13:03:25</date>
  <millis>1607076205312</millis>
  <sequence>21</sequence>
  <logger>global</logger>
  <level>INFO</level>
  <class>Classes.Forest</class>
  <method>AddAnimal</method>
  <thread>1</thread>
  <message>New animal was added to forest!</message>
</record>
<record>
  <date>2020-12-04T13:03:25</date>
  <millis>1607076205312</millis>
  <sequence>22</sequence>
  <logger>global</logger>
  <level>INFO</level>
  <class>Classes.Animals</class>
  <method>&lt;init&gt;</method>
  <thread>1</thread>
  <message>New animal created!</message>
</record>
<record>
  <date>2020-12-04T13:03:25</date>
  <millis>1607076205312</millis>
  <sequence>23</sequence>
  <logger>global</logger>
  <level>INFO</level>
  <class>Classes.Managers.Testing</class>
  <method>TestToHunt</method>
  <thread>1</thread>
  <message>Test ToHunt - true</message>
</record>
<record>
  <date>2020-12-04T13:03:25</date>
  <millis>1607076205312</millis>
  <sequence>24</sequence>
  <logger>global</logger>
  <level>INFO</level>
  <class>Classes.Animals</class>
  <method>&lt;init&gt;</method>
  <thread>1</thread>
  <message>New animal created!</message>
</record>
<record>
  <date>2020-12-04T13:03:25</date>
  <millis>1607076205312</millis>
  <sequence>25</sequence>
  <logger>global</logger>
  <level>INFO</level>
  <class>Classes.Forest</class>
  <method>AddAnimal</method>
  <thread>1</thread>
  <message>New animal was added to forest!</message>
</record>
<record>
  <date>2020-12-04T13:03:25</date>
  <millis>1607076205312</millis>
  <sequence>26</sequence>
  <logger>global</logger>
  <level>INFO</level>
  <class>Classes.Forest</class>
  <method>AddPlant</method>
  <thread>1</thread>
  <message>New plant was added to the forest.</message>
</record>
<record>
  <date>2020-12-04T13:03:25</date>
  <millis>1607076205313</millis>
  <sequence>27</sequence>
  <logger>global</logger>
  <level>INFO</level>
  <class>Classes.Forest</class>
  <method>AddPlant</method>
  <thread>1</thread>
  <message>New plant was added to the forest.</message>
</record>
<record>
  <date>2020-12-04T13:03:25</date>
  <millis>1607076205313</millis>
  <sequence>28</sequence>
  <logger>global</logger>
  <level>INFO</level>
  <class>Classes.Managers.Testing</class>
  <method>TestToEat</method>
  <thread>1</thread>
  <message>Test Eat Grass - true</message>
</record>
<record>
  <date>2020-12-04T13:03:35</date>
  <millis>1607076215190</millis>
  <sequence>29</sequence>
  <logger>global</logger>
  <level>INFO</level>
  <class>Classes.Forest</class>
  <method>AddGrass</method>
  <thread>1</thread>
  <message>New grass was added to forest!</message>
</record>
<record>
  <date>2020-12-04T13:03:35</date>
  <millis>1607076215190</millis>
  <sequence>30</sequence>
  <logger>global</logger>
  <level>INFO</level>
  <class>Classes.Forest</class>
  <method>AddGrass</method>
  <thread>1</thread>
  <message>New grass was added to forest!</message>
</record>
<record>
  <date>2020-12-04T13:03:35</date>
  <millis>1607076215190</millis>
  <sequence>31</sequence>
  <logger>global</logger>
  <level>INFO</level>
  <class>Classes.Forest</class>
  <method>AddTree</method>
  <thread>1</thread>
  <message>New tree was added to forest!</message>
</record>
<record>
  <date>2020-12-04T13:03:35</date>
  <millis>1607076215191</millis>
  <sequence>32</sequence>
  <logger>global</logger>
  <level>INFO</level>
  <class>Classes.Animals</class>
  <method>&lt;init&gt;</method>
  <thread>1</thread>
  <message>New animal created!</message>
</record>
<record>
  <date>2020-12-04T13:03:35</date>
  <millis>1607076215191</millis>
  <sequence>33</sequence>
  <logger>global</logger>
  <level>INFO</level>
  <class>Classes.Forest</class>
  <method>AddHerbivore</method>
  <thread>1</thread>
  <message>New herbivore was added to forest!</message>
</record>
<record>
  <date>2020-12-04T13:03:35</date>
  <millis>1607076215191</millis>
  <sequence>34</sequence>
  <logger>global</logger>
  <level>INFO</level>
  <class>Classes.Animals</class>
  <method>&lt;init&gt;</method>
  <thread>1</thread>
  <message>New animal created!</message>
</record>
<record>
  <date>2020-12-04T13:03:35</date>
  <millis>1607076215191</millis>
  <sequence>35</sequence>
  <logger>global</logger>
  <level>INFO</level>
  <class>Classes.Animals</class>
  <method>&lt;init&gt;</method>
  <thread>1</thread>
  <message>New animal created!</message>
</record>
<record>
  <date>2020-12-04T13:03:35</date>
  <millis>1607076215191</millis>
  <sequence>36</sequence>
  <logger>global</logger>
  <level>INFO</level>
  <class>Classes.Forest</class>
  <method>AddAnimal</method>
  <thread>1</thread>
  <message>New animal was added to forest!</message>
</record>
<record>
  <date>2020-12-04T13:03:35</date>
  <millis>1607076215191</millis>
  <sequence>37</sequence>
  <logger>global</logger>
  <level>INFO</level>
  <class>Classes.Forest</class>
  <method>AddAnimal</method>
  <thread>1</thread>
  <message>New animal was added to forest!</message>
</record>
<record>
  <date>2020-12-04T13:04:16</date>
  <millis>1607076256371</millis>
  <sequence>38</sequence>
  <logger>global</logger>
  <level>INFO</level>
  <class>Classes.Managers.FileManager</class>
  <method>&lt;init&gt;</method>
  <thread>1</thread>
  <message>FileManager was created</message>
</record>
<record>
  <date>2020-12-04T13:04:16</date>
  <millis>1607076256374</millis>
  <sequence>39</sequence>
  <logger>global</logger>
  <level>INFO</level>
  <class>Classes.Managers.FileManager</class>
  <method>Load</method>
  <thread>1</thread>
  <message>Loading .\animals has been done!</message>
</record>
<record>
  <date>2020-12-04T13:04:16</date>
  <millis>1607076256374</millis>
  <sequence>40</sequence>
  <logger>global</logger>
  <level>INFO</level>
  <class>Classes.Forest</class>
  <method>SetAnimals</method>
  <thread>1</thread>
  <message>Animals vector was update.</message>
</record>
<record>
  <date>2020-12-04T13:04:16</date>
  <millis>1607076256378</millis>
  <sequence>41</sequence>
  <logger>global</logger>
  <level>INFO</level>
  <class>Classes.Managers.FileManager</class>
  <method>Load</method>
  <thread>1</thread>
  <message>Loading .\plants has been done!</message>
</record>
<record>
  <date>2020-12-04T13:04:16</date>
  <millis>1607076256378</millis>
  <sequence>42</sequence>
  <logger>global</logger>
  <level>INFO</level>
  <class>Classes.Forest</class>
  <method>SetPlants</method>
  <thread>1</thread>
  <message>Plants vector was update.</message>
</record>
<record>
  <date>2020-12-04T13:04:16</date>
  <millis>1607076256378</millis>
  <sequence>43</sequence>
  <logger>global</logger>
  <level>INFO</level>
  <class>Classes.Forest</class>
  <method>LoadForest</method>
  <thread>1</thread>
  <message>Forest was loaded.</message>
</record>
</log>
<?xml version="1.0" encoding="UTF-8" standalone="no"?>
<!DOCTYPE log SYSTEM "logger.dtd">
<log>
<record>
  <date>2020-12-04T13:17:12</date>
  <millis>1607077032804</millis>
  <sequence>0</sequence>
  <logger>global</logger>
  <level>INFO</level>
  <class>Classes.Controller</class>
  <method>&lt;init&gt;</method>
  <thread>1</thread>
  <message>Controller init</message>
</record>
<record>
  <date>2020-12-04T13:17:12</date>
  <millis>1607077032839</millis>
  <sequence>1</sequence>
  <logger>global</logger>
  <level>INFO</level>
  <class>Classes.Forest</class>
  <method>&lt;init&gt;</method>
  <thread>1</thread>
  <message>New forest was created!</message>
</record>
<record>
  <date>2020-12-04T13:17:12</date>
  <millis>1607077032839</millis>
  <sequence>2</sequence>
  <logger>global</logger>
  <level>INFO</level>
  <class>Classes.Model</class>
  <method>&lt;init&gt;</method>
  <thread>1</thread>
  <message>Init model.</message>
</record>
<record>
  <date>2020-12-04T13:17:12</date>
  <millis>1607077032840</millis>
  <sequence>3</sequence>
  <logger>global</logger>
  <level>INFO</level>
  <class>Classes.Managers.LoginManager</class>
  <method>&lt;init&gt;</method>
  <thread>1</thread>
  <message>Login manager was created!</message>
</record>
<record>
  <date>2020-12-04T13:17:12</date>
  <millis>1607077032874</millis>
  <sequence>4</sequence>
  <logger>global</logger>
  <level>INFO</level>
  <class>Classes.Managers.FileManager</class>
  <method>Load</method>
  <thread>1</thread>
  <message>Loading .\users has been done!</message>
</record>
<record>
  <date>2020-12-04T13:17:20</date>
  <millis>1607077040445</millis>
  <sequence>5</sequence>
  <logger>global</logger>
  <level>INFO</level>
  <class>Classes.Managers.FileManager</class>
  <method>Load</method>
  <thread>1</thread>
  <message>Loading .\users has been done!</message>
</record>
<record>
  <date>2020-12-04T13:17:20</date>
  <millis>1607077040446</millis>
  <sequence>6</sequence>
  <logger>global</logger>
  <level>INFO</level>
  <class>Classes.Managers.LoginManager</class>
  <method>LogIn</method>
  <thread>1</thread>
  <message>Logined дщпшт</message>
</record>
</log>
<?xml version="1.0" encoding="UTF-8" standalone="no"?>
<!DOCTYPE log SYSTEM "logger.dtd">
<log>
<record>
  <date>2020-12-04T13:18:36</date>
  <millis>1607077116278</millis>
  <sequence>7</sequence>
  <logger>global</logger>
  <level>INFO</level>
  <class>Classes.Managers.FileManager</class>
  <method>CreateFile</method>
  <thread>1</thread>
  <message>File.\usersalready exists</message>
</record>
<record>
  <date>2020-12-04T13:18:36</date>
  <millis>1607077116281</millis>
  <sequence>8</sequence>
  <logger>global</logger>
  <level>INFO</level>
  <class>Classes.Managers.FileManager</class>
  <method>Save</method>
  <thread>1</thread>
  <message>The file .\users has been written</message>
</record>
<record>
  <date>2020-12-04T13:18:43</date>
  <millis>1607077123503</millis>
  <sequence>9</sequence>
  <logger>global</logger>
  <level>INFO</level>
  <class>Classes.Forest</class>
  <method>AddGrass</method>
  <thread>1</thread>
  <message>New grass was added to forest!</message>
</record>
<record>
  <date>2020-12-04T13:18:43</date>
  <millis>1607077123503</millis>
  <sequence>10</sequence>
  <logger>global</logger>
  <level>INFO</level>
  <class>Classes.Forest</class>
  <method>AddGrass</method>
  <thread>1</thread>
  <message>New grass was added to forest!</message>
</record>
<record>
  <date>2020-12-04T13:18:43</date>
  <millis>1607077123503</millis>
  <sequence>11</sequence>
  <logger>global</logger>
  <level>INFO</level>
  <class>Classes.Forest</class>
  <method>AddTree</method>
  <thread>1</thread>
  <message>New tree was added to forest!</message>
</record>
<record>
  <date>2020-12-04T13:18:43</date>
  <millis>1607077123503</millis>
  <sequence>12</sequence>
  <logger>global</logger>
  <level>INFO</level>
  <class>Classes.Animals</class>
  <method>&lt;init&gt;</method>
  <thread>1</thread>
  <message>New animal created!</message>
</record>
<record>
  <date>2020-12-04T13:18:43</date>
  <millis>1607077123504</millis>
  <sequence>13</sequence>
  <logger>global</logger>
  <level>INFO</level>
  <class>Classes.Forest</class>
  <method>AddHerbivore</method>
  <thread>1</thread>
  <message>New herbivore was added to forest!</message>
</record>
<record>
  <date>2020-12-04T13:18:43</date>
  <millis>1607077123504</millis>
  <sequence>14</sequence>
  <logger>global</logger>
  <level>INFO</level>
  <class>Classes.Animals</class>
  <method>&lt;init&gt;</method>
  <thread>1</thread>
  <message>New animal created!</message>
</record>
<record>
  <date>2020-12-04T13:18:43</date>
  <millis>1607077123504</millis>
  <sequence>15</sequence>
  <logger>global</logger>
  <level>INFO</level>
  <class>Classes.Animals</class>
  <method>&lt;init&gt;</method>
  <thread>1</thread>
  <message>New animal created!</message>
</record>
<record>
  <date>2020-12-04T13:18:43</date>
  <millis>1607077123504</millis>
  <sequence>16</sequence>
  <logger>global</logger>
  <level>INFO</level>
  <class>Classes.Forest</class>
  <method>AddAnimal</method>
  <thread>1</thread>
  <message>New animal was added to forest!</message>
</record>
<record>
  <date>2020-12-04T13:18:43</date>
  <millis>1607077123504</millis>
  <sequence>17</sequence>
  <logger>global</logger>
  <level>INFO</level>
  <class>Classes.Forest</class>
  <method>AddAnimal</method>
  <thread>1</thread>
  <message>New animal was added to forest!</message>
</record>
<?xml version="1.0" encoding="UTF-8" standalone="no"?>
<!DOCTYPE log SYSTEM "logger.dtd">
<log>
<record>
  <date>2020-12-04T13:48:10</date>
  <millis>1607078890171</millis>
  <sequence>0</sequence>
  <logger>global</logger>
  <level>INFO</level>
  <class>Classes.Controller</class>
  <method>&lt;init&gt;</method>
  <thread>1</thread>
  <message>Controller init</message>
</record>
<record>
  <date>2020-12-04T13:48:10</date>
  <millis>1607078890206</millis>
  <sequence>1</sequence>
  <logger>global</logger>
  <level>INFO</level>
  <class>Classes.Forest</class>
  <method>&lt;init&gt;</method>
  <thread>1</thread>
  <message>New forest was created!</message>
</record>
<record>
  <date>2020-12-04T13:48:10</date>
  <millis>1607078890207</millis>
  <sequence>2</sequence>
  <logger>global</logger>
  <level>INFO</level>
  <class>Classes.Model</class>
  <method>&lt;init&gt;</method>
  <thread>1</thread>
  <message>Init model.</message>
</record>
<record>
  <date>2020-12-04T13:48:10</date>
  <millis>1607078890207</millis>
  <sequence>3</sequence>
  <logger>global</logger>
  <level>INFO</level>
  <class>Classes.Managers.LoginManager</class>
  <method>&lt;init&gt;</method>
  <thread>1</thread>
  <message>Login manager was created!</message>
</record>
<record>
  <date>2020-12-04T13:48:10</date>
  <millis>1607078890243</millis>
  <sequence>4</sequence>
  <logger>global</logger>
  <level>INFO</level>
  <class>Classes.Managers.FileManager</class>
  <method>Load</method>
  <thread>1</thread>
  <message>Loading .\users has been done!</message>
</record>
<?xml version="1.0" encoding="UTF-8" standalone="no"?>
<!DOCTYPE log SYSTEM "logger.dtd">
<log>
<record>
  <date>2020-12-04T13:48:28</date>
  <millis>1607078908170</millis>
  <sequence>0</sequence>
  <logger>global</logger>
  <level>INFO</level>
  <class>Classes.Controller</class>
  <method>&lt;init&gt;</method>
  <thread>1</thread>
  <message>Controller init</message>
</record>
<record>
  <date>2020-12-04T13:48:28</date>
  <millis>1607078908207</millis>
  <sequence>1</sequence>
  <logger>global</logger>
  <level>INFO</level>
  <class>Classes.Forest</class>
  <method>&lt;init&gt;</method>
  <thread>1</thread>
  <message>New forest was created!</message>
</record>
<record>
  <date>2020-12-04T13:48:28</date>
  <millis>1607078908207</millis>
  <sequence>2</sequence>
  <logger>global</logger>
  <level>INFO</level>
  <class>Classes.Model</class>
  <method>&lt;init&gt;</method>
  <thread>1</thread>
  <message>Init model.</message>
</record>
<record>
  <date>2020-12-04T13:48:28</date>
  <millis>1607078908208</millis>
  <sequence>3</sequence>
  <logger>global</logger>
  <level>INFO</level>
  <class>Classes.Managers.LoginManager</class>
  <method>&lt;init&gt;</method>
  <thread>1</thread>
  <message>Login manager was created!</message>
</record>
<record>
  <date>2020-12-04T13:48:28</date>
  <millis>1607078908243</millis>
  <sequence>4</sequence>
  <logger>global</logger>
  <level>INFO</level>
  <class>Classes.Managers.FileManager</class>
  <method>Load</method>
  <thread>1</thread>
  <message>Loading .\users has been done!</message>
</record>
<record>
  <date>2020-12-04T13:48:34</date>
  <millis>1607078914047</millis>
  <sequence>5</sequence>
  <logger>global</logger>
  <level>INFO</level>
  <class>Classes.Managers.FileManager</class>
  <method>Load</method>
  <thread>1</thread>
  <message>Loading .\users has been done!</message>
</record>
<record>
  <date>2020-12-04T13:48:34</date>
  <millis>1607078914048</millis>
  <sequence>6</sequence>
  <logger>global</logger>
  <level>INFO</level>
  <class>Classes.Managers.LoginManager</class>
  <method>LogIn</method>
  <thread>1</thread>
  <message>Logined дщпшт</message>
</record>
<record>
  <date>2020-12-04T13:48:34</date>
  <millis>1607078914048</millis>
  <sequence>7</sequence>
  <logger>global</logger>
  <level>INFO</level>
  <class>Classes.Managers.Testing</class>
  <method>&lt;init&gt;</method>
  <thread>1</thread>
  <message>Testing created</message>
</record>
<record>
  <date>2020-12-04T13:48:40</date>
  <millis>1607078920655</millis>
  <sequence>8</sequence>
  <logger>global</logger>
  <level>INFO</level>
  <class>Classes.Managers.FileManager</class>
  <method>&lt;init&gt;</method>
  <thread>1</thread>
  <message>FileManager was created</message>
</record>
<record>
  <date>2020-12-04T13:48:40</date>
  <millis>1607078920658</millis>
  <sequence>9</sequence>
  <logger>global</logger>
  <level>INFO</level>
  <class>Classes.Managers.FileManager</class>
  <method>Load</method>
  <thread>1</thread>
  <message>Loading .\animals has been done!</message>
</record>
<record>
  <date>2020-12-04T13:48:40</date>
  <millis>1607078920658</millis>
  <sequence>10</sequence>
  <logger>global</logger>
  <level>INFO</level>
  <class>Classes.Forest</class>
  <method>SetAnimals</method>
  <thread>1</thread>
  <message>Animals vector was update.</message>
</record>
<record>
  <date>2020-12-04T13:48:40</date>
  <millis>1607078920662</millis>
  <sequence>11</sequence>
  <logger>global</logger>
  <level>INFO</level>
  <class>Classes.Managers.FileManager</class>
  <method>Load</method>
  <thread>1</thread>
  <message>Loading .\plants has been done!</message>
</record>
<record>
  <date>2020-12-04T13:48:40</date>
  <millis>1607078920662</millis>
  <sequence>12</sequence>
  <logger>global</logger>
  <level>INFO</level>
  <class>Classes.Forest</class>
  <method>SetPlants</method>
  <thread>1</thread>
  <message>Plants vector was update.</message>
</record>
<record>
  <date>2020-12-04T13:48:40</date>
  <millis>1607078920662</millis>
  <sequence>13</sequence>
  <logger>global</logger>
  <level>INFO</level>
  <class>Classes.Forest</class>
  <method>LoadForest</method>
  <thread>1</thread>
  <message>Forest was loaded.</message>
</record>
